[ 2017-06-15T09:41:33+08:00 ] 127.0.0.1 /
INFO: [ app_init ] --START--
INFO: Run Behavior\BuildLiteBehavior [ RunTime:0.000009s ]
INFO: [ app_init ] --END-- [ RunTime:0.000415s ]
INFO: [ app_begin ] --START--
INFO: Run Behavior\ReadHtmlCacheBehavior [ RunTime:0.013522s ]
INFO: [ app_begin ] --END-- [ RunTime:0.013577s ]
NOTIC: [8] Use of undefined constant user_id - assumed 'user_id' D:\phpstudy\WWW\fenxiao\Application\Mobile\Controller\MobileBaseController.class.php 第 53 行.
NOTIC: [8] Undefined index: parent_id D:\phpstudy\WWW\fenxiao\Application\Mobile\Controller\IndexController.class.php 第 38 行.
NOTIC: [2] Missing argument 2 for Mobile\Model\UserGoodsModel::get_field(), called in D:\phpstudy\WWW\fenxiao\Application\Mobile\Model\UserGoodsModel.class.php on line 31 and defined D:\phpstudy\WWW\fenxiao\Application\Mobile\Model\UserGoodsModel.class.php 第 62 行.
NOTIC: [8] Undefined variable: table D:\phpstudy\WWW\fenxiao\Application\Mobile\Model\UserGoodsModel.class.php 第 70 行.
NOTIC: [8] Undefined variable: table D:\phpstudy\WWW\fenxiao\Application\Mobile\Model\UserGoodsModel.class.php 第 72 行.
NOTIC: [8] Undefined variable: table D:\phpstudy\WWW\fenxiao\Application\Mobile\Model\UserGoodsModel.class.php 第 72 行.
NOTIC: [8] Undefined variable: table D:\phpstudy\WWW\fenxiao\Application\Mobile\Model\UserGoodsModel.class.php 第 72 行.
NOTIC: [8] Undefined variable: table D:\phpstudy\WWW\fenxiao\Application\Mobile\Model\UserGoodsModel.class.php 第 72 行.
NOTIC: [8] Undefined variable: table D:\phpstudy\WWW\fenxiao\Application\Mobile\Model\UserGoodsModel.class.php 第 72 行.
NOTIC: [8] Undefined variable: table D:\phpstudy\WWW\fenxiao\Application\Mobile\Model\UserGoodsModel.class.php 第 72 行.
NOTIC: [8] Undefined variable: table D:\phpstudy\WWW\fenxiao\Application\Mobile\Model\UserGoodsModel.class.php 第 72 行.
NOTIC: [8] Undefined variable: table D:\phpstudy\WWW\fenxiao\Application\Mobile\Model\UserGoodsModel.class.php 第 73 行.
NOTIC: [8] Undefined variable: table D:\phpstudy\WWW\fenxiao\Application\Mobile\Model\UserGoodsModel.class.php 第 73 行.
NOTIC: [8] Undefined variable: table D:\phpstudy\WWW\fenxiao\Application\Mobile\Model\UserGoodsModel.class.php 第 73 行.
NOTIC: [8] Undefined variable: table D:\phpstudy\WWW\fenxiao\Application\Mobile\Model\UserGoodsModel.class.php 第 73 行.
NOTIC: [8] Undefined variable: table D:\phpstudy\WWW\fenxiao\Application\Mobile\Model\UserGoodsModel.class.php 第 73 行.
NOTIC: [8] Undefined variable: table D:\phpstudy\WWW\fenxiao\Application\Mobile\Model\UserGoodsModel.class.php 第 74 行.
NOTIC: [8] Undefined variable: table D:\phpstudy\WWW\fenxiao\Application\Mobile\Model\UserGoodsModel.class.php 第 74 行.
NOTIC: [8] Undefined variable: table D:\phpstudy\WWW\fenxiao\Application\Mobile\Model\UserGoodsModel.class.php 第 74 行.
NOTIC: [8] Undefined variable: table D:\phpstudy\WWW\fenxiao\Application\Mobile\Model\UserGoodsModel.class.php 第 74 行.
NOTIC: [8] Undefined variable: table D:\phpstudy\WWW\fenxiao\Application\Mobile\Model\UserGoodsModel.class.php 第 74 行.
NOTIC: [8] Undefined variable: table D:\phpstudy\WWW\fenxiao\Application\Mobile\Model\UserGoodsModel.class.php 第 74 行.
NOTIC: [8] Undefined variable: table D:\phpstudy\WWW\fenxiao\Application\Mobile\Model\UserGoodsModel.class.php 第 74 行.
NOTIC: [8] Undefined variable: table D:\phpstudy\WWW\fenxiao\Application\Mobile\Model\UserGoodsModel.class.php 第 74 行.
NOTIC: [8] Undefined variable: table D:\phpstudy\WWW\fenxiao\Application\Mobile\Model\UserGoodsModel.class.php 第 75 行.
NOTIC: [8] Undefined variable: table D:\phpstudy\WWW\fenxiao\Application\Mobile\Model\UserGoodsModel.class.php 第 75 行.
NOTIC: [8] Undefined variable: table D:\phpstudy\WWW\fenxiao\Application\Mobile\Model\UserGoodsModel.class.php 第 75 行.
NOTIC: [8] Undefined variable: table D:\phpstudy\WWW\fenxiao\Application\Mobile\Model\UserGoodsModel.class.php 第 75 行.
NOTIC: [8] Undefined variable: table D:\phpstudy\WWW\fenxiao\Application\Mobile\Model\UserGoodsModel.class.php 第 75 行.
NOTIC: [8] Undefined index: parent_id D:\phpstudy\WWW\fenxiao\Application\Mobile\Controller\IndexController.class.php 第 39 行.
NOTIC: [2] Missing argument 2 for Mobile\Model\UserGoodsModel::get_field(), called in D:\phpstudy\WWW\fenxiao\Application\Mobile\Model\UserGoodsModel.class.php on line 31 and defined D:\phpstudy\WWW\fenxiao\Application\Mobile\Model\UserGoodsModel.class.php 第 62 行.
NOTIC: [8] Undefined variable: table D:\phpstudy\WWW\fenxiao\Application\Mobile\Model\UserGoodsModel.class.php 第 70 行.
NOTIC: [8] Undefined variable: table D:\phpstudy\WWW\fenxiao\Application\Mobile\Model\UserGoodsModel.class.php 第 72 行.
NOTIC: [8] Undefined variable: table D:\phpstudy\WWW\fenxiao\Application\Mobile\Model\UserGoodsModel.class.php 第 72 行.
NOTIC: [8] Undefined variable: table D:\phpstudy\WWW\fenxiao\Application\Mobile\Model\UserGoodsModel.class.php 第 72 行.
NOTIC: [8] Undefined variable: table D:\phpstudy\WWW\fenxiao\Application\Mobile\Model\UserGoodsModel.class.php 第 72 行.
NOTIC: [8] Undefined variable: table D:\phpstudy\WWW\fenxiao\Application\Mobile\Model\UserGoodsModel.class.php 第 72 行.
NOTIC: [8] Undefined variable: table D:\phpstudy\WWW\fenxiao\Application\Mobile\Model\UserGoodsModel.class.php 第 72 行.
NOTIC: [8] Undefined variable: table D:\phpstudy\WWW\fenxiao\Application\Mobile\Model\UserGoodsModel.class.php 第 72 行.
NOTIC: [8] Undefined variable: table D:\phpstudy\WWW\fenxiao\Application\Mobile\Model\UserGoodsModel.class.php 第 73 行.
NOTIC: [8] Undefined variable: table D:\phpstudy\WWW\fenxiao\Application\Mobile\Model\UserGoodsModel.class.php 第 73 行.
NOTIC: [8] Undefined variable: table D:\phpstudy\WWW\fenxiao\Application\Mobile\Model\UserGoodsModel.class.php 第 73 行.
NOTIC: [8] Undefined variable: table D:\phpstudy\WWW\fenxiao\Application\Mobile\Model\UserGoodsModel.class.php 第 73 行.
NOTIC: [8] Undefined variable: table D:\phpstudy\WWW\fenxiao\Application\Mobile\Model\UserGoodsModel.class.php 第 73 行.
NOTIC: [8] Undefined variable: table D:\phpstudy\WWW\fenxiao\Application\Mobile\Model\UserGoodsModel.class.php 第 74 行.
NOTIC: [8] Undefined variable: table D:\phpstudy\WWW\fenxiao\Application\Mobile\Model\UserGoodsModel.class.php 第 74 行.
NOTIC: [8] Undefined variable: table D:\phpstudy\WWW\fenxiao\Application\Mobile\Model\UserGoodsModel.class.php 第 74 行.
NOTIC: [8] Undefined variable: table D:\phpstudy\WWW\fenxiao\Application\Mobile\Model\UserGoodsModel.class.php 第 74 行.
NOTIC: [8] Undefined variable: table D:\phpstudy\WWW\fenxiao\Application\Mobile\Model\UserGoodsModel.class.php 第 74 行.
NOTIC: [8] Undefined variable: table D:\phpstudy\WWW\fenxiao\Application\Mobile\Model\UserGoodsModel.class.php 第 74 行.
NOTIC: [8] Undefined variable: table D:\phpstudy\WWW\fenxiao\Application\Mobile\Model\UserGoodsModel.class.php 第 74 行.
NOTIC: [8] Undefined variable: table D:\phpstudy\WWW\fenxiao\Application\Mobile\Model\UserGoodsModel.class.php 第 74 行.
NOTIC: [8] Undefined variable: table D:\phpstudy\WWW\fenxiao\Application\Mobile\Model\UserGoodsModel.class.php 第 75 行.
NOTIC: [8] Undefined variable: table D:\phpstudy\WWW\fenxiao\Application\Mobile\Model\UserGoodsModel.class.php 第 75 行.
NOTIC: [8] Undefined variable: table D:\phpstudy\WWW\fenxiao\Application\Mobile\Model\UserGoodsModel.class.php 第 75 行.
NOTIC: [8] Undefined variable: table D:\phpstudy\WWW\fenxiao\Application\Mobile\Model\UserGoodsModel.class.php 第 75 行.
NOTIC: [8] Undefined variable: table D:\phpstudy\WWW\fenxiao\Application\Mobile\Model\UserGoodsModel.class.php 第 75 行.
NOTIC: [8] Undefined index: level D:\phpstudy\WWW\fenxiao\Application\Mobile\Controller\IndexController.class.php 第 49 行.
NOTIC: [8] Undefined index: level D:\phpstudy\WWW\fenxiao\Application\Mobile\Controller\IndexController.class.php 第 49 行.
NOTIC: [8] Undefined index: level D:\phpstudy\WWW\fenxiao\Application\Mobile\Controller\IndexController.class.php 第 49 行.
NOTIC: [8] Undefined index: level D:\phpstudy\WWW\fenxiao\Application\Mobile\Controller\IndexController.class.php 第 49 行.
INFO: [ view_begin ] --START--
INFO: Run Home\Behaviors\testBehavior [ RunTime:0.000773s ]
INFO: [ view_begin ] --END-- [ RunTime:0.000807s ]
INFO: [ view_parse ] --START--
INFO: [ template_filter ] --START--
INFO: Run Behavior\ContentReplaceBehavior [ RunTime:0.000148s ]
INFO: [ template_filter ] --END-- [ RunTime:0.000184s ]
NOTIC: [8] Undefined index: tel D:\phpstudy\WWW\fenxiao\Application\Runtime\Cache\Mobile\b5bbc2774616647d2eecc9fe44b263ed.php 第 234 行.
NOTIC: [8] Undefined index: wechat D:\phpstudy\WWW\fenxiao\Application\Runtime\Cache\Mobile\b5bbc2774616647d2eecc9fe44b263ed.php 第 234 行.
NOTIC: [8] Undefined variable: upshop_config D:\phpstudy\WWW\fenxiao\Application\Runtime\Cache\Mobile\b5bbc2774616647d2eecc9fe44b263ed.php 第 315 行.
INFO: Run Behavior\ParseTemplateBehavior [ RunTime:0.047441s ]
INFO: [ view_parse ] --END-- [ RunTime:0.047468s ]
INFO: [ view_filter ] --START--
INFO: Run Behavior\WriteHtmlCacheBehavior [ RunTime:0.001099s ]
INFO: Run Behavior\TokenBuildBehavior [ RunTime:0.001409s ]
INFO: [ view_filter ] --END-- [ RunTime:0.002554s ]
INFO: [ app_end ] --START--
INFO: Run Behavior\ShowPageTraceBehavior [ RunTime:0.000494s ]
INFO: [ app_end ] --END-- [ RunTime:0.000528s ]

