[ 2017-06-09T11:13:07+08:00 ] 127.0.0.1 /
INFO: [ app_init ] --START--
INFO: Run Behavior\BuildLiteBehavior [ RunTime:0.000009s ]
INFO: [ app_init ] --END-- [ RunTime:0.000512s ]
INFO: [ app_begin ] --START--
INFO: Run Behavior\ReadHtmlCacheBehavior [ RunTime:0.021518s ]
INFO: [ app_begin ] --END-- [ RunTime:0.021564s ]
NOTIC: [8] Use of undefined constant user_id - assumed 'user_id' D:\phpstudy\WWW\fenxiao\Application\Mobile\Controller\MobileBaseController.class.php 第 53 行.
NOTIC: [8] Undefined index: parent_id D:\phpstudy\WWW\fenxiao\Application\Mobile\Controller\IndexController.class.php 第 38 行.
NOTIC: [2] Missing argument 2 for Mobile\Model\UserGoodsModel::get_field(), called in D:\phpstudy\WWW\fenxiao\Application\Mobile\Model\UserGoodsModel.class.php on line 31 and defined D:\phpstudy\WWW\fenxiao\Application\Mobile\Model\UserGoodsModel.class.php 第 62 行.
NOTIC: [8] Undefined variable: table D:\phpstudy\WWW\fenxiao\Application\Mobile\Model\UserGoodsModel.class.php 第 70 行.
NOTIC: [8] Undefined variable: table D:\phpstudy\WWW\fenxiao\Application\Mobile\Model\UserGoodsModel.class.php 第 72 行.
NOTIC: [8] Undefined variable: table D:\phpstudy\WWW\fenxiao\Application\Mobile\Model\UserGoodsModel.class.php 第 72 行.
NOTIC: [8] Undefined variable: table D:\phpstudy\WWW\fenxiao\Application\Mobile\Model\UserGoodsModel.class.php 第 72 行.
NOTIC: [8] Undefined variable: table D:\phpstudy\WWW\fenxiao\Application\Mobile\Model\UserGoodsModel.class.php 第 72 行.
NOTIC: [8] Undefined variable: table D:\phpstudy\WWW\fenxiao\Application\Mobile\Model\UserGoodsModel.class.php 第 72 行.
NOTIC: [8] Undefined variable: table D:\phpstudy\WWW\fenxiao\Application\Mobile\Model\UserGoodsModel.class.php 第 72 行.
NOTIC: [8] Undefined variable: table D:\phpstudy\WWW\fenxiao\Application\Mobile\Model\UserGoodsModel.class.php 第 72 行.
NOTIC: [8] Undefined variable: table D:\phpstudy\WWW\fenxiao\Application\Mobile\Model\UserGoodsModel.class.php 第 73 行.
NOTIC: [8] Undefined variable: table D:\phpstudy\WWW\fenxiao\Application\Mobile\Model\UserGoodsModel.class.php 第 73 行.
NOTIC: [8] Undefined variable: table D:\phpstudy\WWW\fenxiao\Application\Mobile\Model\UserGoodsModel.class.php 第 73 行.
NOTIC: [8] Undefined variable: table D:\phpstudy\WWW\fenxiao\Application\Mobile\Model\UserGoodsModel.class.php 第 73 行.
NOTIC: [8] Undefined variable: table D:\phpstudy\WWW\fenxiao\Application\Mobile\Model\UserGoodsModel.class.php 第 73 行.
NOTIC: [8] Undefined variable: table D:\phpstudy\WWW\fenxiao\Application\Mobile\Model\UserGoodsModel.class.php 第 74 行.
NOTIC: [8] Undefined variable: table D:\phpstudy\WWW\fenxiao\Application\Mobile\Model\UserGoodsModel.class.php 第 74 行.
NOTIC: [8] Undefined variable: table D:\phpstudy\WWW\fenxiao\Application\Mobile\Model\UserGoodsModel.class.php 第 74 行.
NOTIC: [8] Undefined variable: table D:\phpstudy\WWW\fenxiao\Application\Mobile\Model\UserGoodsModel.class.php 第 74 行.
NOTIC: [8] Undefined variable: table D:\phpstudy\WWW\fenxiao\Application\Mobile\Model\UserGoodsModel.class.php 第 74 行.
NOTIC: [8] Undefined variable: table D:\phpstudy\WWW\fenxiao\Application\Mobile\Model\UserGoodsModel.class.php 第 74 行.
NOTIC: [8] Undefined variable: table D:\phpstudy\WWW\fenxiao\Application\Mobile\Model\UserGoodsModel.class.php 第 74 行.
NOTIC: [8] Undefined variable: table D:\phpstudy\WWW\fenxiao\Application\Mobile\Model\UserGoodsModel.class.php 第 74 行.
NOTIC: [8] Undefined variable: table D:\phpstudy\WWW\fenxiao\Application\Mobile\Model\UserGoodsModel.class.php 第 75 行.
NOTIC: [8] Undefined variable: table D:\phpstudy\WWW\fenxiao\Application\Mobile\Model\UserGoodsModel.class.php 第 75 行.
NOTIC: [8] Undefined variable: table D:\phpstudy\WWW\fenxiao\Application\Mobile\Model\UserGoodsModel.class.php 第 75 行.
NOTIC: [8] Undefined variable: table D:\phpstudy\WWW\fenxiao\Application\Mobile\Model\UserGoodsModel.class.php 第 75 行.
NOTIC: [8] Undefined variable: table D:\phpstudy\WWW\fenxiao\Application\Mobile\Model\UserGoodsModel.class.php 第 75 行.
NOTIC: [8] Undefined index: parent_id D:\phpstudy\WWW\fenxiao\Application\Mobile\Controller\IndexController.class.php 第 39 行.
NOTIC: [2] Missing argument 2 for Mobile\Model\UserGoodsModel::get_field(), called in D:\phpstudy\WWW\fenxiao\Application\Mobile\Model\UserGoodsModel.class.php on line 31 and defined D:\phpstudy\WWW\fenxiao\Application\Mobile\Model\UserGoodsModel.class.php 第 62 行.
NOTIC: [8] Undefined variable: table D:\phpstudy\WWW\fenxiao\Application\Mobile\Model\UserGoodsModel.class.php 第 70 行.
NOTIC: [8] Undefined variable: table D:\phpstudy\WWW\fenxiao\Application\Mobile\Model\UserGoodsModel.class.php 第 72 行.
NOTIC: [8] Undefined variable: table D:\phpstudy\WWW\fenxiao\Application\Mobile\Model\UserGoodsModel.class.php 第 72 行.
NOTIC: [8] Undefined variable: table D:\phpstudy\WWW\fenxiao\Application\Mobile\Model\UserGoodsModel.class.php 第 72 行.
NOTIC: [8] Undefined variable: table D:\phpstudy\WWW\fenxiao\Application\Mobile\Model\UserGoodsModel.class.php 第 72 行.
NOTIC: [8] Undefined variable: table D:\phpstudy\WWW\fenxiao\Application\Mobile\Model\UserGoodsModel.class.php 第 72 行.
NOTIC: [8] Undefined variable: table D:\phpstudy\WWW\fenxiao\Application\Mobile\Model\UserGoodsModel.class.php 第 72 行.
NOTIC: [8] Undefined variable: table D:\phpstudy\WWW\fenxiao\Application\Mobile\Model\UserGoodsModel.class.php 第 72 行.
NOTIC: [8] Undefined variable: table D:\phpstudy\WWW\fenxiao\Application\Mobile\Model\UserGoodsModel.class.php 第 73 行.
NOTIC: [8] Undefined variable: table D:\phpstudy\WWW\fenxiao\Application\Mobile\Model\UserGoodsModel.class.php 第 73 行.
NOTIC: [8] Undefined variable: table D:\phpstudy\WWW\fenxiao\Application\Mobile\Model\UserGoodsModel.class.php 第 73 行.
NOTIC: [8] Undefined variable: table D:\phpstudy\WWW\fenxiao\Application\Mobile\Model\UserGoodsModel.class.php 第 73 行.
NOTIC: [8] Undefined variable: table D:\phpstudy\WWW\fenxiao\Application\Mobile\Model\UserGoodsModel.class.php 第 73 行.
NOTIC: [8] Undefined variable: table D:\phpstudy\WWW\fenxiao\Application\Mobile\Model\UserGoodsModel.class.php 第 74 行.
NOTIC: [8] Undefined variable: table D:\phpstudy\WWW\fenxiao\Application\Mobile\Model\UserGoodsModel.class.php 第 74 行.
NOTIC: [8] Undefined variable: table D:\phpstudy\WWW\fenxiao\Application\Mobile\Model\UserGoodsModel.class.php 第 74 行.
NOTIC: [8] Undefined variable: table D:\phpstudy\WWW\fenxiao\Application\Mobile\Model\UserGoodsModel.class.php 第 74 行.
NOTIC: [8] Undefined variable: table D:\phpstudy\WWW\fenxiao\Application\Mobile\Model\UserGoodsModel.class.php 第 74 行.
NOTIC: [8] Undefined variable: table D:\phpstudy\WWW\fenxiao\Application\Mobile\Model\UserGoodsModel.class.php 第 74 行.
NOTIC: [8] Undefined variable: table D:\phpstudy\WWW\fenxiao\Application\Mobile\Model\UserGoodsModel.class.php 第 74 行.
NOTIC: [8] Undefined variable: table D:\phpstudy\WWW\fenxiao\Application\Mobile\Model\UserGoodsModel.class.php 第 74 行.
NOTIC: [8] Undefined variable: table D:\phpstudy\WWW\fenxiao\Application\Mobile\Model\UserGoodsModel.class.php 第 75 行.
NOTIC: [8] Undefined variable: table D:\phpstudy\WWW\fenxiao\Application\Mobile\Model\UserGoodsModel.class.php 第 75 行.
NOTIC: [8] Undefined variable: table D:\phpstudy\WWW\fenxiao\Application\Mobile\Model\UserGoodsModel.class.php 第 75 行.
NOTIC: [8] Undefined variable: table D:\phpstudy\WWW\fenxiao\Application\Mobile\Model\UserGoodsModel.class.php 第 75 行.
NOTIC: [8] Undefined variable: table D:\phpstudy\WWW\fenxiao\Application\Mobile\Model\UserGoodsModel.class.php 第 75 行.
NOTIC: [8] Undefined index: level D:\phpstudy\WWW\fenxiao\Application\Mobile\Controller\IndexController.class.php 第 49 行.
NOTIC: [8] Undefined index: level D:\phpstudy\WWW\fenxiao\Application\Mobile\Controller\IndexController.class.php 第 49 行.
NOTIC: [8] Undefined index: level D:\phpstudy\WWW\fenxiao\Application\Mobile\Controller\IndexController.class.php 第 49 行.
NOTIC: [8] Undefined index: level D:\phpstudy\WWW\fenxiao\Application\Mobile\Controller\IndexController.class.php 第 49 行.
INFO: [ view_begin ] --START--
INFO: Run Home\Behaviors\testBehavior [ RunTime:0.001078s ]
INFO: [ view_begin ] --END-- [ RunTime:0.001111s ]
INFO: [ view_parse ] --START--
INFO: [ template_filter ] --START--
INFO: Run Behavior\ContentReplaceBehavior [ RunTime:0.000152s ]
INFO: [ template_filter ] --END-- [ RunTime:0.000187s ]
NOTIC: [8] Undefined index: tel D:\phpstudy\WWW\fenxiao\Application\Runtime\Cache\Mobile\b5bbc2774616647d2eecc9fe44b263ed.php 第 234 行.
NOTIC: [8] Undefined index: wechat D:\phpstudy\WWW\fenxiao\Application\Runtime\Cache\Mobile\b5bbc2774616647d2eecc9fe44b263ed.php 第 234 行.
NOTIC: [8] Undefined variable: upshop_config D:\phpstudy\WWW\fenxiao\Application\Runtime\Cache\Mobile\b5bbc2774616647d2eecc9fe44b263ed.php 第 315 行.
INFO: Run Behavior\ParseTemplateBehavior [ RunTime:0.062804s ]
INFO: [ view_parse ] --END-- [ RunTime:0.062833s ]
INFO: [ view_filter ] --START--
INFO: Run Behavior\WriteHtmlCacheBehavior [ RunTime:0.001204s ]
INFO: Run Behavior\TokenBuildBehavior [ RunTime:0.001520s ]
INFO: [ view_filter ] --END-- [ RunTime:0.002768s ]
INFO: [ app_end ] --START--
INFO: Run Behavior\ShowPageTraceBehavior [ RunTime:0.000647s ]
INFO: [ app_end ] --END-- [ RunTime:0.000679s ]

[ 2017-06-09T11:13:09+08:00 ] 127.0.0.1 /Mobile/Msg/index.html
INFO: [ app_init ] --START--
INFO: Run Behavior\BuildLiteBehavior [ RunTime:0.000010s ]
INFO: [ app_init ] --END-- [ RunTime:0.000358s ]
INFO: [ app_begin ] --START--
INFO: Run Behavior\ReadHtmlCacheBehavior [ RunTime:0.000431s ]
INFO: [ app_begin ] --END-- [ RunTime:0.000470s ]
NOTIC: [8] Use of undefined constant user_id - assumed 'user_id' D:\phpstudy\WWW\fenxiao\Application\Mobile\Controller\MobileBaseController.class.php 第 53 行.
INFO: [ view_begin ] --START--
INFO: Run Home\Behaviors\testBehavior [ RunTime:0.000746s ]
INFO: [ view_begin ] --END-- [ RunTime:0.000790s ]
INFO: [ view_parse ] --START--
INFO: [ template_filter ] --START--
INFO: Run Behavior\ContentReplaceBehavior [ RunTime:0.000046s ]
INFO: [ template_filter ] --END-- [ RunTime:0.000079s ]
NOTIC: [8] Undefined variable: upshop_config D:\phpstudy\WWW\fenxiao\Application\Runtime\Cache\Mobile\0866c3ebdbbf6841b2681f52ac097cb9.php 第 13 行.
NOTIC: [8] Undefined variable: upshop_config D:\phpstudy\WWW\fenxiao\Application\Runtime\Cache\Mobile\0866c3ebdbbf6841b2681f52ac097cb9.php 第 14 行.
NOTIC: [8] Undefined variable: upshop_config D:\phpstudy\WWW\fenxiao\Application\Runtime\Cache\Mobile\0866c3ebdbbf6841b2681f52ac097cb9.php 第 25 行.
NOTIC: [8] Undefined variable: upshop_config D:\phpstudy\WWW\fenxiao\Application\Runtime\Cache\Mobile\0866c3ebdbbf6841b2681f52ac097cb9.php 第 75 行.
INFO: Run Behavior\ParseTemplateBehavior [ RunTime:0.017652s ]
INFO: [ view_parse ] --END-- [ RunTime:0.017683s ]
INFO: [ view_filter ] --START--
INFO: Run Behavior\WriteHtmlCacheBehavior [ RunTime:0.000348s ]
INFO: Run Behavior\TokenBuildBehavior [ RunTime:0.000552s ]
INFO: [ view_filter ] --END-- [ RunTime:0.000941s ]
INFO: [ app_end ] --START--
INFO: Run Behavior\ShowPageTraceBehavior [ RunTime:0.000453s ]
INFO: [ app_end ] --END-- [ RunTime:0.000480s ]

[ 2017-06-09T11:13:18+08:00 ] 127.0.0.1 /Mobile/User/index.html
INFO: [ app_init ] --START--
INFO: Run Behavior\BuildLiteBehavior [ RunTime:0.000009s ]
INFO: [ app_init ] --END-- [ RunTime:0.000341s ]
INFO: [ app_begin ] --START--
INFO: Run Behavior\ReadHtmlCacheBehavior [ RunTime:0.000419s ]
INFO: [ app_begin ] --END-- [ RunTime:0.000453s ]
NOTIC: [8] Use of undefined constant user_id - assumed 'user_id' D:\phpstudy\WWW\fenxiao\Application\Mobile\Controller\MobileBaseController.class.php 第 53 行.

[ 2017-06-09T11:13:18+08:00 ] 127.0.0.1 /Mobile/User/login.html
INFO: [ app_init ] --START--
INFO: Run Behavior\BuildLiteBehavior [ RunTime:0.000008s ]
INFO: [ app_init ] --END-- [ RunTime:0.000347s ]
INFO: [ app_begin ] --START--
INFO: Run Behavior\ReadHtmlCacheBehavior [ RunTime:0.000434s ]
INFO: [ app_begin ] --END-- [ RunTime:0.000470s ]
NOTIC: [8] Use of undefined constant user_id - assumed 'user_id' D:\phpstudy\WWW\fenxiao\Application\Mobile\Controller\MobileBaseController.class.php 第 53 行.
INFO: [ view_begin ] --START--
INFO: Run Home\Behaviors\testBehavior [ RunTime:0.000671s ]
INFO: [ view_begin ] --END-- [ RunTime:0.000706s ]
INFO: [ view_parse ] --START--
INFO: [ template_filter ] --START--
INFO: Run Behavior\ContentReplaceBehavior [ RunTime:0.000053s ]
INFO: [ template_filter ] --END-- [ RunTime:0.000089s ]
INFO: Run Behavior\ParseTemplateBehavior [ RunTime:0.040321s ]
INFO: [ view_parse ] --END-- [ RunTime:0.040358s ]
INFO: [ view_filter ] --START--
INFO: Run Behavior\WriteHtmlCacheBehavior [ RunTime:0.000321s ]
INFO: Run Behavior\TokenBuildBehavior [ RunTime:0.000628s ]
INFO: [ view_filter ] --END-- [ RunTime:0.000999s ]
INFO: [ app_end ] --START--
INFO: Run Behavior\ShowPageTraceBehavior [ RunTime:0.000539s ]
INFO: [ app_end ] --END-- [ RunTime:0.000569s ]

[ 2017-06-09T11:13:19+08:00 ] 127.0.0.1 /Mobile/MobileBase/verify_c.html
INFO: [ app_init ] --START--
INFO: Run Behavior\BuildLiteBehavior [ RunTime:0.000010s ]
INFO: [ app_init ] --END-- [ RunTime:0.000349s ]
INFO: [ app_begin ] --START--
INFO: Run Behavior\ReadHtmlCacheBehavior [ RunTime:0.000448s ]
INFO: [ app_begin ] --END-- [ RunTime:0.000490s ]
NOTIC: [8] Use of undefined constant user_id - assumed 'user_id' D:\phpstudy\WWW\fenxiao\Application\Mobile\Controller\MobileBaseController.class.php 第 53 行.
INFO: [ app_end ] --START--
INFO: Run Behavior\ShowPageTraceBehavior [ RunTime:0.000844s ]
INFO: [ app_end ] --END-- [ RunTime:0.000894s ]

[ 2017-06-09T11:13:20+08:00 ] 127.0.0.1 /Mobile/User/reg.html
INFO: [ app_init ] --START--
INFO: Run Behavior\BuildLiteBehavior [ RunTime:0.000009s ]
INFO: [ app_init ] --END-- [ RunTime:0.000381s ]
INFO: [ app_begin ] --START--
INFO: Run Behavior\ReadHtmlCacheBehavior [ RunTime:0.000440s ]
INFO: [ app_begin ] --END-- [ RunTime:0.000480s ]
NOTIC: [8] Use of undefined constant user_id - assumed 'user_id' D:\phpstudy\WWW\fenxiao\Application\Mobile\Controller\MobileBaseController.class.php 第 53 行.
INFO: [ view_begin ] --START--
INFO: Run Home\Behaviors\testBehavior [ RunTime:0.000717s ]
INFO: [ view_begin ] --END-- [ RunTime:0.000751s ]
INFO: [ view_parse ] --START--
INFO: [ template_filter ] --START--
INFO: Run Behavior\ContentReplaceBehavior [ RunTime:0.000049s ]
INFO: [ template_filter ] --END-- [ RunTime:0.000084s ]
INFO: Run Behavior\ParseTemplateBehavior [ RunTime:0.018187s ]
INFO: [ view_parse ] --END-- [ RunTime:0.018220s ]
INFO: [ view_filter ] --START--
INFO: Run Behavior\WriteHtmlCacheBehavior [ RunTime:0.000270s ]
INFO: Run Behavior\TokenBuildBehavior [ RunTime:0.000558s ]
INFO: [ view_filter ] --END-- [ RunTime:0.000868s ]
INFO: [ app_end ] --START--
INFO: Run Behavior\ShowPageTraceBehavior [ RunTime:0.000419s ]
INFO: [ app_end ] --END-- [ RunTime:0.000446s ]

[ 2017-06-09T11:13:25+08:00 ] 127.0.0.1 /Mobile/User/msg_later.html?mobile=15333444666
INFO: [ app_init ] --START--
INFO: Run Behavior\BuildLiteBehavior [ RunTime:0.000009s ]
INFO: [ app_init ] --END-- [ RunTime:0.000375s ]
INFO: [ app_begin ] --START--
INFO: Run Behavior\ReadHtmlCacheBehavior [ RunTime:0.000452s ]
INFO: [ app_begin ] --END-- [ RunTime:0.000485s ]
NOTIC: [8] Use of undefined constant user_id - assumed 'user_id' D:\phpstudy\WWW\fenxiao\Application\Mobile\Controller\MobileBaseController.class.php 第 53 行.
INFO: [ app_end ] --START--
INFO: Run Behavior\ShowPageTraceBehavior [ RunTime:0.000505s ]
INFO: [ app_end ] --END-- [ RunTime:0.000540s ]

[ 2017-06-09T11:13:27+08:00 ] 127.0.0.1 /Mobile/User/msg_later.html?mobile=15333444666
INFO: [ app_init ] --START--
INFO: Run Behavior\BuildLiteBehavior [ RunTime:0.000009s ]
INFO: [ app_init ] --END-- [ RunTime:0.000323s ]
INFO: [ app_begin ] --START--
INFO: Run Behavior\ReadHtmlCacheBehavior [ RunTime:0.000478s ]
INFO: [ app_begin ] --END-- [ RunTime:0.000518s ]
NOTIC: [8] Use of undefined constant user_id - assumed 'user_id' D:\phpstudy\WWW\fenxiao\Application\Mobile\Controller\MobileBaseController.class.php 第 53 行.
INFO: [ app_end ] --START--
INFO: Run Behavior\ShowPageTraceBehavior [ RunTime:0.000484s ]
INFO: [ app_end ] --END-- [ RunTime:0.000517s ]

[ 2017-06-09T11:13:31+08:00 ] 127.0.0.1 /Mobile/User/send_msg.html
INFO: [ app_init ] --START--
INFO: Run Behavior\BuildLiteBehavior [ RunTime:0.000010s ]
INFO: [ app_init ] --END-- [ RunTime:0.000424s ]
INFO: [ app_begin ] --START--
INFO: Run Behavior\ReadHtmlCacheBehavior [ RunTime:0.000450s ]
INFO: [ app_begin ] --END-- [ RunTime:0.000489s ]
NOTIC: [8] Use of undefined constant user_id - assumed 'user_id' D:\phpstudy\WWW\fenxiao\Application\Mobile\Controller\MobileBaseController.class.php 第 53 行.

[ 2017-06-09T11:13:37+08:00 ] 127.0.0.1 /Mobile/User/mobile_exist.html
INFO: [ app_init ] --START--
INFO: Run Behavior\BuildLiteBehavior [ RunTime:0.000009s ]
INFO: [ app_init ] --END-- [ RunTime:0.000343s ]
INFO: [ app_begin ] --START--
INFO: Run Behavior\ReadHtmlCacheBehavior [ RunTime:0.000402s ]
INFO: [ app_begin ] --END-- [ RunTime:0.000435s ]
NOTIC: [8] Use of undefined constant user_id - assumed 'user_id' D:\phpstudy\WWW\fenxiao\Application\Mobile\Controller\MobileBaseController.class.php 第 53 行.

[ 2017-06-09T11:13:37+08:00 ] 127.0.0.1 /Mobile/User/step_two.html?mobile=15333444666&password=dcc62e31c8030d9488969c5da73d2f16
INFO: [ app_init ] --START--
INFO: Run Behavior\BuildLiteBehavior [ RunTime:0.000009s ]
INFO: [ app_init ] --END-- [ RunTime:0.000400s ]
INFO: [ app_begin ] --START--
INFO: Run Behavior\ReadHtmlCacheBehavior [ RunTime:0.000411s ]
INFO: [ app_begin ] --END-- [ RunTime:0.000446s ]
NOTIC: [8] Use of undefined constant user_id - assumed 'user_id' D:\phpstudy\WWW\fenxiao\Application\Mobile\Controller\MobileBaseController.class.php 第 53 行.
INFO: [ view_begin ] --START--
INFO: Run Home\Behaviors\testBehavior [ RunTime:0.000654s ]
INFO: [ view_begin ] --END-- [ RunTime:0.000688s ]
INFO: [ view_parse ] --START--
INFO: [ template_filter ] --START--
INFO: Run Behavior\ContentReplaceBehavior [ RunTime:0.000071s ]
INFO: [ template_filter ] --END-- [ RunTime:0.000102s ]
INFO: Run Behavior\ParseTemplateBehavior [ RunTime:0.005844s ]
INFO: [ view_parse ] --END-- [ RunTime:0.005875s ]
INFO: [ view_filter ] --START--
INFO: Run Behavior\WriteHtmlCacheBehavior [ RunTime:0.000299s ]
INFO: Run Behavior\TokenBuildBehavior [ RunTime:0.000870s ]
INFO: [ view_filter ] --END-- [ RunTime:0.001211s ]
INFO: [ app_end ] --START--
INFO: Run Behavior\ShowPageTraceBehavior [ RunTime:0.000547s ]
INFO: [ app_end ] --END-- [ RunTime:0.000579s ]

